Containers:
  [+] MainContainer:
   |            ID: 0x0000000000000000
   |        Bounds: IsValid=false, Min=(X=0.000 Y=0.000 Z=0.000), Max=(X=0.000 Y=0.000 Z=0.000)
   |     Transform: 0.000000,0.000000,0.000000|0.000000,0.000000,-0.000000|1.000000,1.000000,1.000000
   |     Container: /Game/FirstPerson/Maps/FirstPersonMap
   |  ActorDescs:
   |      - Guid:319997C24DFC54194685A5ACF8C627B5 Class:StaticMeshActor Name:StaticMeshActor_UAID_0250CC3E5E91C99001_1607524604 SpatiallyLoaded:true Bounds:IsValid=true, Min=(X=1560.000 Y=470.000 Z=0.000), Max=(X=1760.000 Y=670.000 Z=75.000) RuntimeGrid:None EditorOnly:false LevelBoundsRelevant:true HLODRelevant:true FolderPath:None FolderGuid:00000000000000000000000000000000 Parent:00000000000000000000000000000000
   |      - Guid:5FE7584649BB6F09265329A6C57CFD0D Class:VolumetricCloud Name:VolumetricCloud_0 SpatiallyLoaded:false Bounds:IsValid=true, Min=(X=0.000 Y=0.000 Z=820.000), Max=(X=0.000 Y=0.000 Z=820.000) RuntimeGrid:None EditorOnly:false LevelBoundsRelevant:false HLODRelevant:false FolderPath:Lighting FolderGuid:0BA5F0A04EADB18E70D5B180D08FA34B Parent:00000000000000000000000000000000
   |      - Guid:61391D344900612A77DFC3BA3E354907 Class:ExponentialHeightFog Name:ExponentialHeightFog_0 SpatiallyLoaded:false Bounds:IsValid=true, Min=(X=-5600.000 Y=-50.000 Z=-6850.000), Max=(X=-5600.000 Y=-50.000 Z=-6850.000) RuntimeGrid:None EditorOnly:false LevelBoundsRelevant:false HLODRelevant:false FolderPath:Lighting FolderGuid:0BA5F0A04EADB18E70D5B180D08FA34B Parent:00000000000000000000000000000000
   |      - Guid:6FEFB3BD4EB37B849EF0D4AC80F83855 Class:WorldDataLayers Name:WorldDataLayers SpatiallyLoaded:false Bounds:IsValid=true, Min=(X=0.000 Y=0.000 Z=0.000), Max=(X=0.000 Y=0.000 Z=0.000) RuntimeGrid:None EditorOnly:false LevelBoundsRelevant:false HLODRelevant:false FolderPath:None FolderGuid:00000000000000000000000000000000 Parent:00000000000000000000000000000000
   |      - Guid:78CAF7514C7533F30BD2F19A017AAB65 Class:StaticMeshActor Name:StaticMeshActor_0 SpatiallyLoaded:true Bounds:IsValid=true, Min=(X=0.000 Y=0.000 Z=-50.000), Max=(X=2000.000 Y=1500.000 Z=0.000) RuntimeGrid:None EditorOnly:false LevelBoundsRelevant:true HLODRelevant:true FolderPath:Playground FolderGuid:6C02BB504B69D1F3D7A624B130C18E5B Parent:00000000000000000000000000000000
   |      - Guid:7E1E02B3443FB8B4B87AC8B00DDD7077 Class:StaticMeshActor Name:StaticMeshActor_UAID_0250CC3E5E91C99001_1647871606 SpatiallyLoaded:true Bounds:IsValid=true, Min=(X=1220.000 Y=150.000 Z=170.000), Max=(X=1420.000 Y=350.000 Z=245.000) RuntimeGrid:None EditorOnly:false LevelBoundsRelevant:true HLODRelevant:true FolderPath:None FolderGuid:00000000000000000000000000000000 Parent:00000000000000000000000000000000
   |      - Guid:80DE694841C57BDD415FB08EBB80A9D0 Class:Actor Name:Shootable_Wall_C_UAID_0250CC3E5E91CA9001_1237793785 SpatiallyLoaded:true Bounds:IsValid=true, Min=(X=812.000 Y=420.000 Z=-12.000), Max=(X=1068.000 Y=520.000 Z=212.000) RuntimeGrid:None EditorOnly:false LevelBoundsRelevant:true HLODRelevant:false FolderPath:None FolderGuid:00000000000000000000000000000000 Parent:00000000000000000000000000000000
   |      - Guid:A354B1B24E617A525DC6B48CCDE2417E Class:PlayerStart Name:PlayerStart_0 SpatiallyLoaded:false Bounds:IsValid=true, Min=(X=860.000 Y=810.000 Z=0.013), Max=(X=940.000 Y=890.000 Z=184.013) RuntimeGrid:None EditorOnly:false LevelBoundsRelevant:true HLODRelevant:false FolderPath:None FolderGuid:00000000000000000000000000000000 Parent:00000000000000000000000000000000
   |      - Guid:C22CE07C4B87D685137FDBBC10FC92C6 Class:SkyAtmosphere Name:SkyAtmosphere_0 SpatiallyLoaded:false Bounds:IsValid=true, Min=(X=0.000 Y=0.000 Z=1020.000), Max=(X=0.000 Y=0.000 Z=1020.000) RuntimeGrid:None EditorOnly:false LevelBoundsRelevant:false HLODRelevant:false FolderPath:Lighting FolderGuid:0BA5F0A04EADB18E70D5B180D08FA34B Parent:00000000000000000000000000000000
   |      - Guid:CE8D82634660FCDB3120E2B8D547C533 Class:PostProcessVolume Name:PostProcessVolume_0 SpatiallyLoaded:false Bounds:IsValid=true, Min=(X=0.000 Y=0.000 Z=400.000), Max=(X=200.000 Y=200.000 Z=600.000) RuntimeGrid:None EditorOnly:false LevelBoundsRelevant:false HLODRelevant:false FolderPath:Lighting FolderGuid:0BA5F0A04EADB18E70D5B180D08FA34B Parent:00000000000000000000000000000000
   |      - Guid:E5320C1B4FD9764CE7B54D8487AEC613 Class:SkyLight Name:SkyLight_0 SpatiallyLoaded:false Bounds:IsValid=true, Min=(X=0.000 Y=0.000 Z=690.000), Max=(X=0.000 Y=0.000 Z=690.000) RuntimeGrid:None EditorOnly:false LevelBoundsRelevant:false HLODRelevant:false FolderPath:Lighting FolderGuid:0BA5F0A04EADB18E70D5B180D08FA34B Parent:00000000000000000000000000000000
   |      - Guid:EE66F4454A4A9F99393F559AB739C05E Class:Actor Name:BP_Rifle_C_1 SpatiallyLoaded:true Bounds:IsValid=true, Min=(X=1378.000 Y=818.000 Z=64.000), Max=(X=1442.000 Y=907.440 Z=128.000) RuntimeGrid:None EditorOnly:false LevelBoundsRelevant:true HLODRelevant:false FolderPath:None FolderGuid:00000000000000000000000000000000 Parent:00000000000000000000000000000000
   |      - Guid:EF9DA2C54D5F7015CF716AB14E9F5BAE Class:StaticMeshActor Name:StaticMeshActor_UAID_0250CC3E5E91C99001_1634950605 SpatiallyLoaded:true Bounds:IsValid=true, Min=(X=1560.000 Y=150.000 Z=70.000), Max=(X=1760.000 Y=350.000 Z=145.000) RuntimeGrid:None EditorOnly:false LevelBoundsRelevant:true HLODRelevant:true FolderPath:None FolderGuid:00000000000000000000000000000000 Parent:00000000000000000000000000000000
   |      - Guid:F7316E4F4CF2905BA61C6499652BB8BF Class:StaticMeshActor Name:StaticMeshActor_UAID_0250CC3E5E91C99001_1679553608 SpatiallyLoaded:true Bounds:IsValid=true, Min=(X=1220.000 Y=500.000 Z=170.000), Max=(X=1420.000 Y=700.000 Z=245.000) RuntimeGrid:None EditorOnly:false LevelBoundsRelevant:true HLODRelevant:true FolderPath:None FolderGuid:00000000000000000000000000000000 Parent:00000000000000000000000000000000
   |      - Guid:F80621C9446867154938FE81375207DA Class:DirectionalLight Name:DirectionalLight_1 SpatiallyLoaded:false Bounds:IsValid=true, Min=(X=-1048576.000 Y=-1048576.000 Z=-1048576.000), Max=(X=1048576.000 Y=1048576.000 Z=1048576.000) RuntimeGrid:None EditorOnly:false LevelBoundsRelevant:false HLODRelevant:false FolderPath:Lighting FolderGuid:0BA5F0A04EADB18E70D5B180D08FA34B Parent:00000000000000000000000000000000
